<?xml version="1.0" encoding="UTF-8"?>
<!-- Generated by org.testng.reporters.JUnitXMLReporter -->
<testsuite ignored="9" hostname="LAPTOP-LUAOCDJJ" failures="0" tests="1" name="Add New Stock Test" time="23.349" errors="0" timestamp="2024-12-09T19:08:46 EST">
  <testcase classname="testcases.rediff.PortfolioManagement" name="selectPortfolio" time="5.564"/>
  <testcase classname="testcases.rediff.StockManagement" name="addFreshStock" time="0.0">
    <ignored/>
  </testcase> <!-- addFreshStock -->
  <testcase classname="testbase.BaseTest" name="@BeforeTest beforeTest" time="0.0">
    <ignored/>
  </testcase> <!-- @BeforeTest beforeTest -->
  <testcase classname="testcases.rediff.StockManagement" name="verifyStockInList" time="0.0">
    <ignored/>
  </testcase> <!-- verifyStockInList -->
  <testcase classname="testcases.rediff.PortfolioManagement" name="deletePortfolio" time="0.0">
    <ignored/>
  </testcase> <!-- deletePortfolio -->
  <testcase classname="testcases.rediff.StockManagement" name="modifyStock" time="0.0">
    <ignored/>
  </testcase> <!-- modifyStock -->
  <testcase classname="testbase.BaseTest" name="@AfterTest quit" time="0.0">
    <ignored/>
  </testcase> <!-- @AfterTest quit -->
  <testcase classname="testcases.rediff.StockManagement" name="verifyQuantity" time="0.0">
    <ignored/>
  </testcase> <!-- verifyQuantity -->
  <testcase classname="testcases.rediff.StockManagement" name="verifyTransactionHistory" time="0.0">
    <ignored/>
  </testcase> <!-- verifyTransactionHistory -->
  <testcase classname="testcases.rediff.PortfolioManagement" name="createPortfolio" time="0.0">
    <ignored/>
  </testcase> <!-- createPortfolio -->
</testsuite> <!-- Add New Stock Test -->
